<?xml version="1.0" encoding="UTF-8"?>
<testsuite name="BidderImplTest" tests="1" skipped="0" failures="0" errors="0" timestamp="2020-07-07T13:03:55" hostname="users-MacBook-Pro.local" time="0.002">
  <properties/>
  <testcase name="placeBid_withInitializedQuantity2_shouldReturnAllCash" classname="BidderImplTest" time="0.002"/>
  <system-out><![CDATA[]]></system-out>
  <system-err><![CDATA[]]></system-err>
</testsuite>
